{"/Users/ashaun/test-example/add.js": {"path":"/Users/ashaun/test-example/add.js","statementMap":{"0":{"start":{"line":2,"column":4},"end":{"line":2,"column":33}},"1":{"start":{"line":3,"column":4},"end":{"line":3,"column":19}},"2":{"start":{"line":6,"column":0},"end":{"line":6,"column":20}}},"fnMap":{"0":{"name":"add","decl":{"start":{"line":1,"column":9},"end":{"line":1,"column":12}},"loc":{"start":{"line":1,"column":29},"end":{"line":4,"column":1}},"line":1}},"branchMap":{},"s":{"0":1,"1":1,"2":1},"f":{"0":1},"b":{},"_coverageSchema":"1a1c01bbd47fc00a2c39e90264f33305004495a9","hash":"e8d0a533f6b5b69717fee3935a2bd713a658b8d5"}
,"/Users/ashaun/test-example/server.js": {"path":"/Users/ashaun/test-example/server.js","statementMap":{"0":{"start":{"line":1,"column":16},"end":{"line":1,"column":34}},"1":{"start":{"line":4,"column":4},"end":{"line":4,"column":20}},"2":{"start":{"line":6,"column":0},"end":{"line":6,"column":33}}},"fnMap":{"0":{"name":"createExpressApp","decl":{"start":{"line":3,"column":9},"end":{"line":3,"column":25}},"loc":{"start":{"line":3,"column":28},"end":{"line":5,"column":1}},"line":3}},"branchMap":{},"s":{"0":1,"1":0,"2":1},"f":{"0":0},"b":{},"_coverageSchema":"1a1c01bbd47fc00a2c39e90264f33305004495a9","hash":"7fa1383bc0e6375dfec8f6746cbf9a55891566a7"}
,"/Users/ashaun/test-example/validateEmail.js": {"path":"/Users/ashaun/test-example/validateEmail.js","statementMap":{"0":{"start":{"line":2,"column":23},"end":{"line":2,"column":70}},"1":{"start":{"line":3,"column":4},"end":{"line":5,"column":5}},"2":{"start":{"line":4,"column":8},"end":{"line":4,"column":33}},"3":{"start":{"line":6,"column":4},"end":{"line":6,"column":35}},"4":{"start":{"line":9,"column":0},"end":{"line":9,"column":30}}},"fnMap":{"0":{"name":"validateEmail","decl":{"start":{"line":1,"column":9},"end":{"line":1,"column":22}},"loc":{"start":{"line":1,"column":30},"end":{"line":7,"column":1}},"line":1}},"branchMap":{"0":{"loc":{"start":{"line":3,"column":4},"end":{"line":5,"column":5}},"type":"if","locations":[{"start":{"line":3,"column":4},"end":{"line":5,"column":5}},{"start":{},"end":{}}],"line":3}},"s":{"0":2,"1":2,"2":0,"3":2,"4":1},"f":{"0":2},"b":{"0":[0,2]},"_coverageSchema":"1a1c01bbd47fc00a2c39e90264f33305004495a9","hash":"53b2a5fc6f4185a6420e06145749340803abcf18"}
}
